app/build 15.49.05/outputs/logs/manifest-merger-debug-report.txt
-- Merging decision tree log ---
provider#androidx.core.content.FileProvider
INJECTED from src/main/AndroidManifest.xml:41:9-51:20
	android:grantUriPermissions
		ADDED from src/main/AndroidManifest.xml:45:13-47
	android:authorities
		INJECTED from src/main/AndroidManifest.xml
		ADDED from src/main/AndroidManifest.xml:43:13-60
	android:exported
		ADDED from src/main/AndroidManifest.xml:44:13-37
	android:name
		ADDED from src/main/AndroidManifest.xml:42:13-62
manifest
ADDED from src/main/AndroidManifest.xml:2:1-55:12
INJECTED from src/main/AndroidManifest.xml:2:1-55:12
INJECTED from src/main/AndroidManifest.xml:2:1-55:12
INJECTED from src/main/AndroidManifest.xml:2:1-55:12
MERGED from [:basic] AndroidManifest.xml:2:1-7:12
MERGED from [androidx.databinding:viewbinding:8.0.2] AndroidManifest.xml:2:1-7:12
MERGED from [androidx.room:room-ktx:2.4.3] AndroidManifest.xml:17:1-24:12
MERGED from [com.google.firebase:firebase-storage-ktx:20.1.0] AndroidManifest.xml:2:1-20:12
MERGED from [com.google.firebase:firebase-database-ktx:20.1.0] AndroidManifest.xml:2:1-20:12
MERGED from [com.google.firebase:firebase-config-ktx:21.2.1] AndroidManifest.xml:2:1-20:12
MERGED from [com.google.firebase:firebase-crashlytics-ktx:18.3.5] AndroidManifest.xml:15:1-32:12
MERGED from [com.google.firebase:firebase-analytics-ktx:21.2.0] AndroidManifest.xml:2:1-17:12
MERGED from [com.google.firebase:firebase-common-ktx:20.3.1] AndroidManifest.xml:2:1-20:12
MERGED from [com.afollestad.material-dialogs:input:3.3.0] AndroidManifest.xml:2:1-13:12
MERGED from [com.google.android.material:material:1.8.0] AndroidManifest.xml:17:1-26:12
MERGED from [androidx.constraintlayout:constraintlayout:2.1.4] AndroidManifest.xml:2:1-11:12
MERGED from [com.airbnb.android:lottie:6.0.0] AndroidManifest.xml:2:1-11:12
MERGED from [androidx.appcompat:appcompat-resources:1.6.1] AndroidManifest.xml:17:1-22:12
MERGED from [com.facebook.stetho:stetho-okhttp3:1.6.0] AndroidManifest.xml:2:1-13:12
MERGED from [com.facebook.stetho:stetho:1.6.0] AndroidManifest.xml:2:1-13:12
MERGED from [com.afollestad.material-dialogs:core:3.3.0] AndroidManifest.xml:2:1-13:12
MERGED from [androidx.appcompat:appcompat:1.6.1] AndroidManifest.xml:17:1-22:12
MERGED from [com.google.dagger:hilt-android:2.44] AndroidManifest.xml:16:1-19:12
MERGED from [com.github.bumptech.glide:glide:4.14.2] AndroidManifest.xml:2:1-11:12
MERGED from [androidx.viewpager2:viewpager2:1.0.0] AndroidManifest.xml:17:1-24:12
MERGED from [com.google.firebase:firebase-storage:20.1.0] AndroidManifest.xml:15:1-38:12
MERGED from [com.google.firebase:firebase-config:21.2.1] AndroidManifest.xml:17:1-37:12
MERGED from [com.google.firebase:firebase-abt:21.1.0] AndroidManifest.xml:2:1-18:12
MERGED from [com.google.firebase:firebase-crashlytics:18.3.5] AndroidManifest.xml:2:1-23:12
MERGED from [com.google.firebase:firebase-analytics:21.2.0] AndroidManifest.xml:2:1-9:12
MERGED from [com.google.android.gms:play-services-measurement-api:21.2.0] AndroidManifest.xml:17:1-37:12
MERGED from [com.google.firebase:firebase-installations:17.1.3] AndroidManifest.xml:2:1-23:12
MERGED from [com.google.firebase:firebase-database:20.1.0] AndroidManifest.xml:15:1-37:12
MERGED from [com.google.firebase:firebase-appcheck-interop:16.1.0] AndroidManifest.xml:15:1-25:12
MERGED from [com.google.firebase:firebase-auth-interop:19.0.2] AndroidManifest.xml:2:1-10:12
MERGED from [com.google.firebase:firebase-common:20.3.1] AndroidManifest.xml:15:1-39:12
MERGED from [com.google.firebase:firebase-installations-interop:17.1.0] AndroidManifest.xml:15:1-22:12
MERGED from [com.google.firebase:firebase-database-collection:18.0.1] AndroidManifest.xml:2:1-9:12
MERGED from [com.google.android.gms:play-services-base:18.0.1] AndroidManifest.xml:16:1-24:12
MERGED from [com.google.android.gms:play-services-tasks:18.0.2] AndroidManifest.xml:2:1-6:12
MERGED from [com.google.android.gms:play-services-measurement:21.2.0] AndroidManifest.xml:17:1-46:12
MERGED from [com.google.android.gms:play-services-measurement-sdk:21.2.0] AndroidManifest.xml:17:1-25:12
MERGED from [com.google.android.gms:play-services-measurement-impl:21.2.0] AndroidManifest.xml:17:1-32:12
MERGED from [com.google.android.gms:play-services-ads-identifier:18.0.0] AndroidManifest.xml:17:1-27:12
MERGED from [com.google.android.gms:play-services-measurement-sdk-api:21.2.0] AndroidManifest.xml:17:1-28:12
MERGED from [com.google.android.gms:play-services-measurement-base:21.2.0] AndroidManifest.xml:2:1-9:12
MERGED from [com.google.android.gms:play-services-stats:17.0.2] AndroidManifest.xml:2:1-9:12
MERGED from [com.google.firebase:firebase-measurement-connector:19.0.0] AndroidManifest.xml:17:1-25:12
MERGED from [com.google.android.gms:play-services-basement:18.1.0] AndroidManifest.xml:16:1-26:12
MERGED from [androidx.fragment:fragment:1.5.1] AndroidManifest.xml:17:1-24:12
MERGED from [androidx.activity:activity:1.7.0] AndroidManifest.xml:17:1-22:12
MERGED from [androidx.activity:activity-ktx:1.7.0] AndroidManifest.xml:17:1-22:12
MERGED from [com.uber.autodispose:autodispose-android-archcomponents:1.4.0] AndroidManifest.xml:17:1-24:12
MERGED from [jp.wasabeef:recyclerview-animators:4.0.2] AndroidManifest.xml:2:1-9:12
MERGED from [androidx.recyclerview:recyclerview:1.3.0] AndroidManifest.xml:17:1-22:12
MERGED from [androidx.customview:customview-poolingcontainer:1.0.0] AndroidManifest.xml:17:1-23:12
MERGED from [androidx.savedstate:savedstate-ktx:1.2.1] AndroidManifest.xml:17:1-22:12
MERGED from [androidx.savedstate:savedstate:1.2.1] AndroidManifest.xml:17:1-22:12
MERGED from [androidx.emoji2:emoji2-views-helper:1.2.0] AndroidManifest.xml:2:1-7:12
MERGED from [androidx.emoji2:emoji2:1.2.0] AndroidManifest.xml:17:1-35:12
MERGED from [androidx.dynamicanimation:dynamicanimation:1.0.0] AndroidManifest.xml:17:1-22:12
MERGED from [androidx.legacy:legacy-support-core-utils:1.0.0] AndroidManifest.xml:17:1-22:12
MERGED from [androidx.loader:loader:1.0.0] AndroidManifest.xml:17:1-22:12
MERGED from [androidx.lifecycle:lifecycle-livedata:2.6.1] AndroidManifest.xml:17:1-22:12
MERGED from [androidx.lifecycle:lifecycle-livedata-core:2.6.1] AndroidManifest.xml:17:1-22:12
MERGED from [androidx.lifecycle:lifecycle-process:2.6.1] AndroidManifest.xml:17:1-35:12
MERGED from [androidx.lifecycle:lifecycle-viewmodel:2.6.1] AndroidManifest.xml:17:1-22:12
MERGED from [androidx.lifecycle:lifecycle-viewmodel-savedstate:2.6.1] AndroidManifest.xml:17:1-22:12
MERGED from [androidx.core:core-ktx:1.10.0] AndroidManifest.xml:2:1-7:12
MERGED from [androidx.drawerlayout:drawerlayout:1.1.1] AndroidManifest.xml:17:1-24:12
MERGED from [androidx.coordinatorlayout:coordinatorlayout:1.1.0] AndroidManifest.xml:17:1-24:12
MERGED from [androidx.transition:transition:1.2.0] AndroidManifest.xml:17:1-24:12
MERGED from [androidx.vectordrawable:vectordrawable-animated:1.1.0] AndroidManifest.xml:17:1-24:12
MERGED from [androidx.vectordrawable:vectordrawable:1.1.0] AndroidManifest.xml:17:1-24:12
MERGED from [androidx.viewpager:viewpager:1.0.0] AndroidManifest.xml:17:1-22:12
MERGED from [androidx.customview:customview:1.1.0] AndroidManifest.xml:17:1-24:12
MERGED from [androidx.core:core:1.10.0] AndroidManifest.xml:17:1-30:12
MERGED from [androidx.lifecycle:lifecycle-runtime:2.6.1] AndroidManifest.xml:2:1-7:12
MERGED from [androidx.lifecycle:lifecycle-viewmodel-ktx:2.6.1] AndroidManifest.xml:17:1-22:12
MERGED from [androidx.lifecycle:lifecycle-runtime-ktx:2.6.1] AndroidManifest.xml:17:1-22:12
MERGED from [com.uber.autodispose:autodispose-android:1.4.0] AndroidManifest.xml:17:1-24:12
MERGED from [com.jakewharton.rxbinding2:rxbinding-kotlin:2.0.0] AndroidManifest.xml:2:1-8:12
MERGED from [com.jakewharton.rxbinding2:rxbinding:2.0.0] AndroidManifest.xml:2:1-8:12
MERGED from [io.reactivex.rxjava2:rxandroid:2.1.1] AndroidManifest.xml:15:1-20:12
MERGED from [com.jakewharton.timber:timber:5.0.1] AndroidManifest.xml:2:1-9:12
MERGED from [com.intuit.sdp:sdp-android:1.1.0] AndroidManifest.xml:2:1-11:12
MERGED from [com.intuit.ssp:ssp-android:1.1.0] AndroidManifest.xml:2:1-11:12
MERGED from [com.f2prateek.rx.preferences2:rx-preferences:2.0.0] AndroidManifest.xml:2:1-10:12
MERGED from [com.google.android.datatransport:transport-backend-cct:3.1.8] AndroidManifest.xml:15:1-37:12
MERGED from [com.google.firebase:firebase-encoders-json:18.0.0] AndroidManifest.xml:15:1-23:12
MERGED from [com.google.android.datatransport:transport-runtime:3.1.8] AndroidManifest.xml:15:1-41:12
MERGED from [androidx.cursoradapter:cursoradapter:1.0.0] AndroidManifest.xml:17:1-22:12
MERGED from [androidx.cardview:cardview:1.0.0] AndroidManifest.xml:17:1-22:12
MERGED from [com.github.bumptech.glide:gifdecoder:4.14.2] AndroidManifest.xml:2:1-11:12
MERGED from [androidx.exifinterface:exifinterface:1.3.3] AndroidManifest.xml:17:1-24:12
MERGED from [androidx.profileinstaller:profileinstaller:1.3.0] AndroidManifest.xml:17:1-55:12
MERGED from [androidx.startup:startup-runtime:1.1.1] AndroidManifest.xml:17:1-33:12
MERGED from [androidx.tracing:tracing:1.0.0] AndroidManifest.xml:17:1-24:12
MERGED from [androidx.room:room-runtime:2.4.3] AndroidManifest.xml:17:1-31:12
MERGED from [com.google.firebase:firebase-components:17.1.0] AndroidManifest.xml:15:1-22:12
MERGED from [androidx.interpolator:interpolator:1.0.0] AndroidManifest.xml:17:1-22:12
MERGED from [androidx.versionedparcelable:versionedparcelable:1.1.1] AndroidManifest.xml:17:1-27:12
MERGED from [androidx.sqlite:sqlite-framework:2.2.0] AndroidManifest.xml:17:1-24:12
MERGED from [androidx.sqlite:sqlite:2.2.0] AndroidManifest.xml:17:1-24:12
MERGED from [com.google.android.datatransport:transport-api:3.0.0] AndroidManifest.xml:15:1-22:12
MERGED from [androidx.documentfile:documentfile:1.0.0] AndroidManifest.xml:17:1-22:12
MERGED from [androidx.localbroadcastmanager:localbroadcastmanager:1.0.0] AndroidManifest.xml:17:1-22:12
MERGED from [androidx.print:print:1.0.0] AndroidManifest.xml:17:1-22:12
MERGED from [androidx.arch.core:core-runtime:2.2.0] AndroidManifest.xml:17:1-22:12
MERGED from [androidx.annotation:annotation-experimental:1.3.0] AndroidManifest.xml:17:1-22:12
MERGED from [com.google.dagger:dagger-lint-aar:2.44] AndroidManifest.xml:16:1-19:12
INJECTED from src/main/AndroidManifest.xml:2:1-55:12
INJECTED from src/main/AndroidManifest.xml:2:1-55:12
INJECTED from src/main/AndroidManifest.xml:2:1-55:12
	package
		INJECTED from src/main/AndroidManifest.xml
		ADDED from src/main/AndroidManifest.xml:2:1-55:12
		INJECTED from src/main/AndroidManifest.xml
	android:versionName
		INJECTED from src/main/AndroidManifest.xml
		ADDED from src/main/AndroidManifest.xml:2:1-55:12
		INJECTED from src/main/AndroidManifest.xml
	xmlns:tools
		ADDED from src/main/AndroidManifest.xml:3:5-51
	android:versionCode
		INJECTED from src/main/AndroidManifest.xml
		ADDED from src/main/AndroidManifest.xml:2:1-55:12
		INJECTED from src/main/AndroidManifest.xml
	xmlns:android
		ADDED from src/main/AndroidManifest.xml:2:11-69
uses-permission#android.permission.INTERNET
ADDED from src/main/AndroidManifest.xml:5:5-67
MERGED from [com.google.firebase:firebase-storage:20.1.0] AndroidManifest.xml:26:5-67
MERGED from [com.google.firebase:firebase-storage:20.1.0] AndroidManifest.xml:26:5-67
MERGED from [com.google.firebase:firebase-config:21.2.1] AndroidManifest.xml:25:5-67
MERGED from [com.google.firebase:firebase-config:21.2.1] AndroidManifest.xml:25:5-67
MERGED from [com.google.firebase:firebase-crashlytics:18.3.5] AndroidManifest.xml:9:5-67
MERGED from [com.google.firebase:firebase-crashlytics:18.3.5] AndroidManifest.xml:9:5-67
MERGED from [com.google.android.gms:play-services-measurement-api:21.2.0] AndroidManifest.xml:22:5-67
MERGED from [com.google.android.gms:play-services-measurement-api:21.2.0] AndroidManifest.xml:22:5-67
MERGED from [com.google.firebase:firebase-installations:17.1.3] AndroidManifest.xml:10:5-67
MERGED from [com.google.firebase:firebase-installations:17.1.3] AndroidManifest.xml:10:5-67
MERGED from [com.google.firebase:firebase-database:20.1.0] AndroidManifest.xml:25:5-67
MERGED from [com.google.firebase:firebase-database:20.1.0] AndroidManifest.xml:25:5-67
MERGED from [com.google.android.gms:play-services-measurement:21.2.0] AndroidManifest.xml:23:5-67
MERGED from [com.google.android.gms:play-services-measurement:21.2.0] AndroidManifest.xml:23:5-67
MERGED from [com.google.android.gms:play-services-measurement-impl:21.2.0] AndroidManifest.xml:23:5-67
MERGED from [com.google.android.gms:play-services-measurement-impl:21.2.0] AndroidManifest.xml:23:5-67
MERGED from [com.google.android.gms:play-services-measurement-sdk-api:21.2.0] AndroidManifest.xml:23:5-67
MERGED from [com.google.android.gms:play-services-measurement-sdk-api:21.2.0] AndroidManifest.xml:23:5-67
MERGED from [com.google.android.datatransport:transport-backend-cct:3.1.8] AndroidManifest.xml:25:5-67
MERGED from [com.google.android.datatransport:transport-backend-cct:3.1.8] AndroidManifest.xml:25:5-67
	android:name
		ADDED from src/main/AndroidManifest.xml:5:22-64
uses-permission#android.permission.ACCESS_NETWORK_STATE
ADDED from src/main/AndroidManifest.xml:6:5-79
MERGED from [com.google.firebase:firebase-storage:20.1.0] AndroidManifest.xml:25:5-79
MERGED from [com.google.firebase:firebase-storage:20.1.0] AndroidManifest.xml:25:5-79
MERGED from [com.google.firebase:firebase-config:21.2.1] AndroidManifest.xml:24:5-79
MERGED from [com.google.firebase:firebase-config:21.2.1] AndroidManifest.xml:24:5-79
MERGED from [com.google.android.gms:play-services-measurement-api:21.2.0] AndroidManifest.xml:23:5-79
MERGED from [com.google.android.gms:play-services-measurement-api:21.2.0] AndroidManifest.xml:23:5-79
MERGED from [com.google.firebase:firebase-installations:17.1.3] AndroidManifest.xml:9:5-79
MERGED from [com.google.firebase:firebase-installations:17.1.3] AndroidManifest.xml:9:5-79
MERGED from [com.google.firebase:firebase-database:20.1.0] AndroidManifest.xml:24:5-79
MERGED from [com.google.firebase:firebase-database:20.1.0] AndroidManifest.xml:24:5-79
MERGED from [com.google.android.gms:play-services-measurement:21.2.0] AndroidManifest.xml:24:5-79
MERGED from [com.google.android.gms:play-services-measurement:21.2.0] AndroidManifest.xml:24:5-79
MERGED from [com.google.android.gms:play-services-measurement-impl:21.2.0] AndroidManifest.xml:24:5-79
MERGED from [com.google.android.gms:play-services-measurement-impl:21.2.0] AndroidManifest.xml:24:5-79
MERGED from [com.google.android.gms:play-services-measurement-sdk-api:21.2.0] AndroidManifest.xml:24:5-79
MERGED from [com.google.android.gms:play-services-measurement-sdk-api:21.2.0] AndroidManifest.xml:24:5-79
MERGED from [com.google.android.datatransport:transport-backend-cct:3.1.8] AndroidManifest.xml:24:5-79
MERGED from [com.google.android.datatransport:transport-backend-cct:3.1.8] AndroidManifest.xml:24:5-79
MERGED from [com.google.android.datatransport:transport-runtime:3.1.8] AndroidManifest.xml:22:5-79
MERGED from [com.google.android.datatransport:transport-runtime:3.1.8] AndroidManifest.xml:22:5-79
	android:name
		ADDED from src/main/AndroidManifest.xml:6:22-76
uses-permission#android.permission.BACKUP
ADDED from src/main/AndroidManifest.xml:7:5-9:47
	tools:ignore
		ADDED from src/main/AndroidManifest.xml:9:9-44
	android:name
		ADDED from src/main/AndroidManifest.xml:8:9-49
uses-permission#android.permission.WRITE_EXTERNAL_STORAGE
ADDED from src/main/AndroidManifest.xml:10:5-12:40
	tools:ignore
		ADDED from src/main/AndroidManifest.xml:12:9-37
	android:name
		ADDED from src/main/AndroidManifest.xml:11:9-65
application
ADDED from src/main/AndroidManifest.xml:14:5-53:19
MERGED from [com.google.firebase:firebase-storage-ktx:20.1.0] AndroidManifest.xml:10:5-18:19
MERGED from [com.google.firebase:firebase-storage-ktx:20.1.0] AndroidManifest.xml:10:5-18:19
MERGED from [com.google.firebase:firebase-database-ktx:20.1.0] AndroidManifest.xml:10:5-18:19
MERGED from [com.google.firebase:firebase-database-ktx:20.1.0] AndroidManifest.xml:10:5-18:19
MERGED from [com.google.firebase:firebase-config-ktx:21.2.1] AndroidManifest.xml:10:5-18:19
MERGED from [com.google.firebase:firebase-config-ktx:21.2.1] AndroidManifest.xml:10:5-18:19
MERGED from [com.google.firebase:firebase-crashlytics-ktx:18.3.5] AndroidManifest.xml:22:5-30:19
MERGED from [com.google.firebase:firebase-crashlytics-ktx:18.3.5] AndroidManifest.xml:22:5-30:19
MERGED from [com.google.firebase:firebase-analytics-ktx:21.2.0] AndroidManifest.xml:7:5-15:19
MERGED from [com.google.firebase:firebase-analytics-ktx:21.2.0] AndroidManifest.xml:7:5-15:19
MERGED from [com.google.firebase:firebase-common-ktx:20.3.1] AndroidManifest.xml:10:5-18:19
MERGED from [com.google.firebase:firebase-common-ktx:20.3.1] AndroidManifest.xml:10:5-18:19
MERGED from [com.afollestad.material-dialogs:input:3.3.0] AndroidManifest.xml:11:5-47
MERGED from [com.afollestad.material-dialogs:input:3.3.0] AndroidManifest.xml:11:5-47
MERGED from [com.google.android.material:material:1.8.0] AndroidManifest.xml:24:5-20
MERGED from [com.google.android.material:material:1.8.0] AndroidManifest.xml:24:5-20
MERGED from [androidx.constraintlayout:constraintlayout:2.1.4] AndroidManifest.xml:9:5-20
MERGED from [androidx.constraintlayout:constraintlayout:2.1.4] AndroidManifest.xml:9:5-20
MERGED from [com.airbnb.android:lottie:6.0.0] AndroidManifest.xml:9:5-20
MERGED from [com.airbnb.android:lottie:6.0.0] AndroidManifest.xml:9:5-20
MERGED from [com.facebook.stetho:stetho-okhttp3:1.6.0] AndroidManifest.xml:11:5-20
MERGED from [com.facebook.stetho:stetho-okhttp3:1.6.0] AndroidManifest.xml:11:5-20
MERGED from [com.facebook.stetho:stetho:1.6.0] AndroidManifest.xml:11:5-20
MERGED from [com.facebook.stetho:stetho:1.6.0] AndroidManifest.xml:11:5-20
MERGED from [com.afollestad.material-dialogs:core:3.3.0] AndroidManifest.xml:11:5-47
MERGED from [com.afollestad.material-dialogs:core:3.3.0] AndroidManifest.xml:11:5-47
MERGED from [com.github.bumptech.glide:glide:4.14.2] AndroidManifest.xml:9:5-20
MERGED from [com.github.bumptech.glide:glide:4.14.2] AndroidManifest.xml:9:5-20
MERGED from [com.google.firebase:firebase-storage:20.1.0] AndroidManifest.xml:28:5-36:19
MERGED from [com.google.firebase:firebase-storage:20.1.0] AndroidManifest.xml:28:5-36:19
MERGED from [com.google.firebase:firebase-config:21.2.1] AndroidManifest.xml:27:5-35:19
MERGED from [com.google.firebase:firebase-config:21.2.1] AndroidManifest.xml:27:5-35:19
MERGED from [com.google.firebase:firebase-abt:21.1.0] AndroidManifest.xml:10:5-16:19
MERGED from [com.google.firebase:firebase-abt:21.1.0] AndroidManifest.xml:10:5-16:19
MERGED from [com.google.firebase:firebase-crashlytics:18.3.5] AndroidManifest.xml:13:5-21:19
MERGED from [com.google.firebase:firebase-crashlytics:18.3.5] AndroidManifest.xml:13:5-21:19
MERGED from [com.google.firebase:firebase-analytics:21.2.0] AndroidManifest.xml:7:5-20
MERGED from [com.google.firebase:firebase-analytics:21.2.0] AndroidManifest.xml:7:5-20
MERGED from [com.google.android.gms:play-services-measurement-api:21.2.0] AndroidManifest.xml:27:5-35:19
MERGED from [com.google.android.gms:play-services-measurement-api:21.2.0] AndroidManifest.xml:27:5-35:19
MERGED from [com.google.firebase:firebase-installations:17.1.3] AndroidManifest.xml:13:5-21:19
MERGED from [com.google.firebase:firebase-installations:17.1.3] AndroidManifest.xml:13:5-21:19
MERGED from [com.google.firebase:firebase-database:20.1.0] AndroidManifest.xml:27:5-35:19
MERGED from [com.google.firebase:firebase-database:20.1.0] AndroidManifest.xml:27:5-35:19
MERGED from [com.google.firebase:firebase-appcheck-interop:16.1.0] AndroidManifest.xml:23:5-20
MERGED from [com.google.firebase:firebase-appcheck-interop:16.1.0] AndroidManifest.xml:23:5-20
MERGED from [com.google.firebase:firebase-auth-interop:19.0.2] AndroidManifest.xml:7:5-8:19
MERGED from [com.google.firebase:firebase-auth-interop:19.0.2] AndroidManifest.xml:7:5-8:19
MERGED from [com.google.firebase:firebase-common:20.3.1] AndroidManifest.xml:24:5-37:19
MERGED from [com.google.firebase:firebase-common:20.3.1] AndroidManifest.xml:24:5-37:19
MERGED from [com.google.android.gms:play-services-base:18.0.1] AndroidManifest.xml:19:5-23:19
MERGED from [com.google.android.gms:play-services-base:18.0.1] AndroidManifest.xml:19:5-23:19
MERGED from [com.google.android.gms:play-services-tasks:18.0.2] AndroidManifest.xml:5:5-20
MERGED from [com.google.android.gms:play-services-tasks:18.0.2] AndroidManifest.xml:5:5-20
MERGED from [com.google.android.gms:play-services-measurement:21.2.0] AndroidManifest.xml:28:5-44:19
MERGED from [com.google.android.gms:play-services-measurement:21.2.0] AndroidManifest.xml:28:5-44:19
MERGED from [com.google.android.gms:play-services-measurement-sdk:21.2.0] AndroidManifest.xml:22:5-23:19
MERGED from [com.google.android.gms:play-services-measurement-sdk:21.2.0] AndroidManifest.xml:22:5-23:19
MERGED from [com.google.android.gms:play-services-measurement-impl:21.2.0] AndroidManifest.xml:29:5-30:19
MERGED from [com.google.android.gms:play-services-measurement-impl:21.2.0] AndroidManifest.xml:29:5-30:19
MERGED from [com.google.android.gms:play-services-ads-identifier:18.0.0] AndroidManifest.xml:25:5-20
MERGED from [com.google.android.gms:play-services-ads-identifier:18.0.0] AndroidManifest.xml:25:5-20
MERGED from [com.google.android.gms:play-services-measurement-base:21.2.0] AndroidManifest.xml:7:5-20
MERGED from [com.google.android.gms:play-services-measurement-base:21.2.0] AndroidManifest.xml:7:5-20
MERGED from [com.google.android.gms:play-services-stats:17.0.2] AndroidManifest.xml:7:5-20
MERGED from [com.google.android.gms:play-services-stats:17.0.2] AndroidManifest.xml:7:5-20
MERGED from [com.google.firebase:firebase-measurement-connector:19.0.0] AndroidManifest.xml:22:5-23:19
MERGED from [com.google.firebase:firebase-measurement-connector:19.0.0] AndroidManifest.xml:22:5-23:19
MERGED from [com.google.android.gms:play-services-basement:18.1.0] AndroidManifest.xml:20:5-24:19
MERGED from [com.google.android.gms:play-services-basement:18.1.0] AndroidManifest.xml:20:5-24:19
MERGED from [androidx.emoji2:emoji2:1.2.0] AndroidManifest.xml:23:5-33:19
MERGED from [androidx.emoji2:emoji2:1.2.0] AndroidManifest.xml:23:5-33:19
MERGED from [androidx.lifecycle:lifecycle-process:2.6.1] AndroidManifest.xml:23:5-33:19
MERGED from [androidx.lifecycle:lifecycle-process:2.6.1] AndroidManifest.xml:23:5-33:19
MERGED from [androidx.core:core:1.10.0] AndroidManifest.xml:28:5-89
MERGED from [androidx.core:core:1.10.0] AndroidManifest.xml:28:5-89
MERGED from [com.jakewharton.timber:timber:5.0.1] AndroidManifest.xml:7:5-20
MERGED from [com.jakewharton.timber:timber:5.0.1] AndroidManifest.xml:7:5-20
MERGED from [com.f2prateek.rx.preferences2:rx-preferences:2.0.0] AndroidManifest.xml:8:5-20
MERGED from [com.f2prateek.rx.preferences2:rx-preferences:2.0.0] AndroidManifest.xml:8:5-20
MERGED from [com.google.android.datatransport:transport-backend-cct:3.1.8] AndroidManifest.xml:27:5-35:19
MERGED from [com.google.android.datatransport:transport-backend-cct:3.1.8] AndroidManifest.xml:27:5-35:19
MERGED from [com.google.android.datatransport:transport-runtime:3.1.8] AndroidManifest.xml:25:5-39:19
MERGED from [com.google.android.datatransport:transport-runtime:3.1.8] AndroidManifest.xml:25:5-39:19
MERGED from [com.github.bumptech.glide:gifdecoder:4.14.2] AndroidManifest.xml:9:5-20
MERGED from [com.github.bumptech.glide:gifdecoder:4.14.2] AndroidManifest.xml:9:5-20
MERGED from [androidx.profileinstaller:profileinstaller:1.3.0] AndroidManifest.xml:23:5-53:19
MERGED from [androidx.profileinstaller:profileinstaller:1.3.0] AndroidManifest.xml:23:5-53:19
MERGED from [androidx.startup:startup-runtime:1.1.1] AndroidManifest.xml:25:5-31:19
MERGED from [androidx.startup:startup-runtime:1.1.1] AndroidManifest.xml:25:5-31:19
MERGED from [androidx.room:room-runtime:2.4.3] AndroidManifest.xml:24:5-29:19
MERGED from [androidx.room:room-runtime:2.4.3] AndroidManifest.xml:24:5-29:19
MERGED from [androidx.versionedparcelable:versionedparcelable:1.1.1] AndroidManifest.xml:24:5-25:19
MERGED from [androidx.versionedparcelable:versionedparcelable:1.1.1] AndroidManifest.xml:24:5-25:19
	android:appComponentFactory
		ADDED from [androidx.core:core:1.10.0] AndroidManifest.xml:28:18-86
	android:supportsRtl
		ADDED from src/main/AndroidManifest.xml:22:9-35
	android:label
		ADDED from src/main/AndroidManifest.xml:20:9-41
	android:fullBackupContent
		ADDED from src/main/AndroidManifest.xml:18:9-54
	android:roundIcon
		ADDED from src/main/AndroidManifest.xml:21:9-54
	tools:targetApi
		ADDED from src/main/AndroidManifest.xml:25:9-29
	android:icon
		ADDED from src/main/AndroidManifest.xml:19:9-43
	android:allowBackup
		ADDED from src/main/AndroidManifest.xml:16:9-35
	android:theme
		ADDED from src/main/AndroidManifest.xml:23:9-42
	android:dataExtractionRules
		ADDED from src/main/AndroidManifest.xml:17:9-65
	android:usesCleartextTraffic
		ADDED from src/main/AndroidManifest.xml:24:9-44
	android:name
		ADDED from src/main/AndroidManifest.xml:15:9-35
activity#com.anime.art.ai.feature.splash.SplashActivity
ADDED from src/main/AndroidManifest.xml:27:9-39:20
	android:exported
		ADDED from src/main/AndroidManifest.xml:29:13-36
	android:name
		ADDED from src/main/AndroidManifest.xml:28:13-58
intent-filter#action:name:android.intent.action.MAIN+category:name:android.intent.category.LAUNCHER
ADDED from src/main/AndroidManifest.xml:30:13-34:29
action#android.intent.action.MAIN
ADDED from src/main/AndroidManifest.xml:31:17-69
	android:name
		ADDED from src/main/AndroidManifest.xml:31:25-66
category#android.intent.category.LAUNCHER
ADDED from src/main/AndroidManifest.xml:33:17-77
	android:name
		ADDED from src/main/AndroidManifest.xml:33:27-74
meta-data#android.app.lib_name
ADDED from src/main/AndroidManifest.xml:36:13-38:36
	android:value
		ADDED from src/main/AndroidManifest.xml:38:17-33
	android:name
		ADDED from src/main/AndroidManifest.xml:37:17-52
uses-sdk
INJECTED from src/main/AndroidManifest.xml reason: use-sdk injection requested
INJECTED from src/main/AndroidManifest.xml
INJECTED from src/main/AndroidManifest.xml
MERGED from [:basic] AndroidManifest.xml:5:5-44
MERGED from [:basic] AndroidManifest.xml:5:5-44
MERGED from [androidx.databinding:viewbinding:8.0.2] AndroidManifest.xml:5:5-44
MERGED from [androidx.databinding:viewbinding:8.0.2] AndroidManifest.xml:5:5-44
MERGED from [androidx.room:room-ktx:2.4.3] AndroidManifest.xml:20:5-22:41
MERGED from [androidx.room:room-ktx:2.4.3] AndroidManifest.xml:20:5-22:41
MERGED from [com.google.firebase:firebase-storage-ktx:20.1.0] AndroidManifest.xml:5:5-7:41
MERGED from [com.google.firebase:firebase-storage-ktx:20.1.0] AndroidManifest.xml:5:5-7:41
MERGED from [com.google.firebase:firebase-database-ktx:20.1.0] AndroidManifest.xml:5:5-7:41
MERGED from [com.google.firebase:firebase-database-ktx:20.1.0] AndroidManifest.xml:5:5-7:41
MERGED from [com.google.firebase:firebase-config-ktx:21.2.1] AndroidManifest.xml:5:5-7:41
MERGED from [com.google.firebase:firebase-config-ktx:21.2.1] AndroidManifest.xml:5:5-7:41
MERGED from [com.google.firebase:firebase-crashlytics-ktx:18.3.5] AndroidManifest.xml:18:5-20:41
MERGED from [com.google.firebase:firebase-crashlytics-ktx:18.3.5] AndroidManifest.xml:18:5-20:41
MERGED from [com.google.firebase:firebase-analytics-ktx:21.2.0] AndroidManifest.xml:5:5-44
MERGED from [com.google.firebase:firebase-analytics-ktx:21.2.0] AndroidManifest.xml:5:5-44
MERGED from [com.google.firebase:firebase-common-ktx:20.3.1] AndroidManifest.xml:5:5-7:41
MERGED from [com.google.firebase:firebase-common-ktx:20.3.1] AndroidManifest.xml:5:5-7:41
MERGED from [com.afollestad.material-dialogs:input:3.3.0] AndroidManifest.xml:7:5-9:41
MERGED from [com.afollestad.material-dialogs:input:3.3.0] AndroidManifest.xml:7:5-9:41
MERGED from [com.google.android.material:material:1.8.0] AndroidManifest.xml:20:5-22:41
MERGED from [com.google.android.material:material:1.8.0] AndroidManifest.xml:20:5-22:41
MERGED from [androidx.constraintlayout:constraintlayout:2.1.4] AndroidManifest.xml:5:5-7:41
MERGED from [androidx.constraintlayout:constraintlayout:2.1.4] AndroidManifest.xml:5:5-7:41
MERGED from [com.airbnb.android:lottie:6.0.0] AndroidManifest.xml:5:5-7:41
MERGED from [com.airbnb.android:lottie:6.0.0] AndroidManifest.xml:5:5-7:41
MERGED from [androidx.appcompat:appcompat-resources:1.6.1] AndroidManifest.xml:20:5-44
MERGED from [androidx.appcompat:appcompat-resources:1.6.1] AndroidManifest.xml:20:5-44
MERGED from [com.facebook.stetho:stetho-okhttp3:1.6.0] AndroidManifest.xml:7:5-9:41
MERGED from [com.facebook.stetho:stetho-okhttp3:1.6.0] AndroidManifest.xml:7:5-9:41
MERGED from [com.facebook.stetho:stetho:1.6.0] AndroidManifest.xml:7:5-9:41
MERGED from [com.facebook.stetho:stetho:1.6.0] AndroidManifest.xml:7:5-9:41
MERGED from [com.afollestad.material-dialogs:core:3.3.0] AndroidManifest.xml:7:5-9:41
MERGED from [com.afollestad.material-dialogs:core:3.3.0] AndroidManifest.xml:7:5-9:41
MERGED from [androidx.appcompat:appcompat:1.6.1] AndroidManifest.xml:20:5-44
MERGED from [androidx.appcompat:appcompat:1.6.1] AndroidManifest.xml:20:5-44
MERGED from [com.google.dagger:hilt-android:2.44] AndroidManifest.xml:18:3-42
MERGED from [com.google.dagger:hilt-android:2.44] AndroidManifest.xml:18:3-42
MERGED from [com.github.bumptech.glide:glide:4.14.2] AndroidManifest.xml:5:5-7:41
MERGED from [com.github.bumptech.glide:glide:4.14.2] AndroidManifest.xml:5:5-7:41
MERGED from [androidx.viewpager2:viewpager2:1.0.0] AndroidManifest.xml:20:5-22:41
MERGED from [androidx.viewpager2:viewpager2:1.0.0] AndroidManifest.xml:20:5-22:41
MERGED from [com.google.firebase:firebase-storage:20.1.0] AndroidManifest.xml:19:5-21:41
MERGED from [com.google.firebase:firebase-storage:20.1.0] AndroidManifest.xml:19:5-21:41
MERGED from [com.google.firebase:firebase-config:21.2.1] AndroidManifest.xml:20:5-22:41
MERGED from [com.google.firebase:firebase-config:21.2.1] AndroidManifest.xml:20:5-22:41